<?xml version="1.0" encoding="UTF-8"?>
<!-- Generated by org.testng.reporters.JUnitReportReporter -->
<testsuite hostname="JEET" failures="0" tests="1" name="fatcow1.sampleTestNG" time="0.014" errors="0" timestamp="2022-04-12T12:57:06 IST" skipped="0">
  <testcase classname="fatcow1.sampleTestNG" name="test" time="0.014"/>
  <system-out>
    <![CDATA[hi]]>
  </system-out>
</testsuite> <!-- fatcow1.sampleTestNG -->
